  InputManager.cpp
c:\users\administrator\documents\ryan's projects repository\engine\source\core\math lib\vec2v.inl(77): error C2280: 'Vec2V::Vec2V(const Vec2V &)' : attempting to reference a deleted function
          c:\users\administrator\documents\ryan's projects repository\engine\source\core\math lib\vec2v.h(192) : compiler has generated 'Vec2V::Vec2V' here
c:\users\administrator\documents\ryan's projects repository\engine\source\core\math lib\vec2v.inl(83): error C2679: binary '!=' : no operator found which takes a right-hand operand of type 'Vec2V' (or there is no acceptable conversion)
          c:\program files (x86)\windows kits\8.1\include\shared\guiddef.h(197): could be 'bool operator !=(const GUID &,const GUID &)'
          while trying to match the argument list '(Vec2V *const , Vec2V)'
c:\users\administrator\documents\ryan's projects repository\engine\source\core\math lib\mat33v.inl(34): error C2662: 'float ScalarV::AsFloat(void)' : cannot convert 'this' pointer from 'const ScalarV' to 'ScalarV &'
          Conversion loses qualifiers
c:\users\administrator\documents\ryan's projects repository\engine\source\core\math lib\mat33v.inl(44): error C2662: 'float ScalarV::AsFloat(void)' : cannot convert 'this' pointer from 'const ScalarV' to 'ScalarV &'
          Conversion loses qualifiers
c:\users\administrator\documents\ryan's projects repository\engine\source\core\math lib\mat33v.inl(54): error C2662: 'float ScalarV::AsFloat(void)' : cannot convert 'this' pointer from 'const ScalarV' to 'ScalarV &'
          Conversion loses qualifiers
c:\users\administrator\documents\ryan's projects repository\engine\source\core\math lib\globalmathfuncs.inl(972): error C2664: 'Vec2V::Vec2V(const Vec2V &)' : cannot convert argument 1 from 'void' to 'Vec2V &&'
          Expressions of type void cannot be converted to other types
c:\users\administrator\documents\ryan's projects repository\engine\source\core\math lib\globalmathfuncs.inl(978): error C2664: 'Vec3V::Vec3V(const Vec3V &)' : cannot convert argument 1 from 'void' to 'Vec3V &&'
          Expressions of type void cannot be converted to other types
c:\users\administrator\documents\ryan's projects repository\engine\source\core\math lib\globalmathfuncs.inl(984): error C2664: 'Vec4V::Vec4V(const Vec4V &)' : cannot convert argument 1 from 'void' to 'Vec4V &&'
          Expressions of type void cannot be converted to other types
  WinMain.cpp
c:\users\administrator\documents\ryan's projects repository\engine\source\core\math lib\vec2v.inl(77): error C2280: 'Vec2V::Vec2V(const Vec2V &)' : attempting to reference a deleted function
          c:\users\administrator\documents\ryan's projects repository\engine\source\core\math lib\vec2v.h(192) : compiler has generated 'Vec2V::Vec2V' here
c:\users\administrator\documents\ryan's projects repository\engine\source\core\math lib\vec2v.inl(83): error C2679: binary '!=' : no operator found which takes a right-hand operand of type 'Vec2V' (or there is no acceptable conversion)
          c:\program files (x86)\windows kits\8.1\include\shared\guiddef.h(197): could be 'bool operator !=(const GUID &,const GUID &)'
          c:\program files (x86)\microsoft visual studio 12.0\vc\include\system_error(426): or       'bool std::operator !=(const std::error_condition &,const std::error_code &) throw()'
          c:\program files (x86)\microsoft visual studio 12.0\vc\include\system_error(419): or       'bool std::operator !=(const std::error_code &,const std::error_condition &) throw()'
          c:\program files (x86)\microsoft visual studio 12.0\vc\include\exception(522): or       'bool std::operator !=(const std::exception_ptr &,std::nullptr_t)'
          c:\program files (x86)\microsoft visual studio 12.0\vc\include\exception(517): or       'bool std::operator !=(std::nullptr_t,const std::exception_ptr &)'
          c:\program files (x86)\microsoft visual studio 12.0\vc\include\exception(512): or       'bool std::operator !=(const std::exception_ptr &,const std::exception_ptr &)'
          while trying to match the argument list '(Vec2V *const , Vec2V)'
c:\users\administrator\documents\ryan's projects repository\engine\source\core\math lib\mat33v.inl(34): error C2662: 'float ScalarV::AsFloat(void)' : cannot convert 'this' pointer from 'const ScalarV' to 'ScalarV &'
          Conversion loses qualifiers
c:\users\administrator\documents\ryan's projects repository\engine\source\core\math lib\mat33v.inl(44): error C2662: 'float ScalarV::AsFloat(void)' : cannot convert 'this' pointer from 'const ScalarV' to 'ScalarV &'
          Conversion loses qualifiers
c:\users\administrator\documents\ryan's projects repository\engine\source\core\math lib\mat33v.inl(54): error C2662: 'float ScalarV::AsFloat(void)' : cannot convert 'this' pointer from 'const ScalarV' to 'ScalarV &'
          Conversion loses qualifiers
c:\users\administrator\documents\ryan's projects repository\engine\source\core\math lib\globalmathfuncs.inl(972): error C2664: 'Vec2V::Vec2V(const Vec2V &)' : cannot convert argument 1 from 'void' to 'Vec2V &&'
          Expressions of type void cannot be converted to other types
c:\users\administrator\documents\ryan's projects repository\engine\source\core\math lib\globalmathfuncs.inl(978): error C2664: 'Vec3V::Vec3V(const Vec3V &)' : cannot convert argument 1 from 'void' to 'Vec3V &&'
          Expressions of type void cannot be converted to other types
c:\users\administrator\documents\ryan's projects repository\engine\source\core\math lib\globalmathfuncs.inl(984): error C2664: 'Vec4V::Vec4V(const Vec4V &)' : cannot convert argument 1 from 'void' to 'Vec4V &&'
          Expressions of type void cannot be converted to other types
  Generating Code...
