Build started 5/21/2015 1:10:20 AM.
     1>Project "C:\Users\Administrator\Documents\GitHub\Engine\Input Manager\Input Manager.vcxproj" on node 4 (Build target(s)).
     1>ClCompile:
         C:\Program Files (x86)\Microsoft Visual Studio 12.0\VC\bin\x86_amd64\CL.exe /c /Zi /nologo /W3 /WX- /sdl /Od /D WIN32 /D _DEBUG /D _WINDOWS /D _UNICODE /D UNICODE /Gm /EHsc /RTC1 /MDd /GS /fp:precise /Zc:wchar_t /Zc:forScope /Fo"x64\Debug\\" /Fd"x64\Debug\vc120.pdb" /Gd /TP /errorReport:prompt ..\Source\Core\Input\InputManager.cpp WinMain.cpp
         WinMain.cpp
     1>c:\users\administrator\documents\github\engine\source\core\input\Input.h(228): error C2146: syntax error : missing ';' before identifier 'm_vMousePos'
     1>c:\users\administrator\documents\github\engine\source\core\input\Input.h(228): error C4430: missing type specifier - int assumed. Note: C++ does not support default-int
     1>c:\users\administrator\documents\github\engine\source\core\input\Input.h(231): error C2061: syntax error : identifier 'Vec2i'
     1>c:\users\administrator\documents\github\engine\source\core\input\Input.h(231): error C2065: 'vCurrMousePos' : undeclared identifier
     1>c:\users\administrator\documents\github\engine\source\core\input\Input.h(231): error C2614: 'InputMouseButtonEvent' : illegal member initialization: 'm_vMousePos' is not a base or member
     1>c:\users\administrator\documents\github\engine\source\core\input\Input.h(244): error C2146: syntax error : missing ';' before identifier 'm_vMousePos'
     1>c:\users\administrator\documents\github\engine\source\core\input\Input.h(244): error C4430: missing type specifier - int assumed. Note: C++ does not support default-int
     1>c:\users\administrator\documents\github\engine\source\core\input\Input.h(248): error C2061: syntax error : identifier 'Vec2i'
     1>c:\users\administrator\documents\github\engine\source\core\input\Input.h(248): error C2535: 'InputMouseMoveEvent::InputMouseMoveEvent(void)' : member function already defined or declared
                 c:\users\administrator\documents\github\engine\source\core\input\Input.h(247) : see declaration of 'InputMouseMoveEvent::InputMouseMoveEvent'
     1>c:\users\administrator\documents\github\engine\source\core\input\Input.h(248): error C2065: 'vCurrMousePos' : undeclared identifier
     1>c:\users\administrator\documents\github\engine\source\core\input\Input.h(248): error C2065: 'vCurrMouseMovement' : undeclared identifier
     1>c:\users\administrator\documents\github\engine\source\core\input\Input.h(248): error C2614: 'InputMouseMoveEvent' : illegal member initialization: 'm_vMousePos' is not a base or member
     1>c:\users\administrator\documents\github\engine\input manager\../Source/Core/Input/InputManager.h(88): error C2146: syntax error : missing ';' before identifier 'GetMousePosition'
     1>c:\users\administrator\documents\github\engine\input manager\../Source/Core/Input/InputManager.h(88): error C4430: missing type specifier - int assumed. Note: C++ does not support default-int
     1>c:\users\administrator\documents\github\engine\input manager\../Source/Core/Input/InputManager.h(88): warning C4183: 'GetMousePosition': missing return type; assumed to be a member function returning 'int'
     1>WinMain.cpp(218): error C2440: '=' : cannot convert from 'nullptr' to 'BOOL'
                 A native nullptr can only be converted to bool or, using reinterpret_cast, to an integral type
         InputManager.cpp
     1>c:\users\administrator\documents\github\engine\source\core\input\Input.h(228): error C2146: syntax error : missing ';' before identifier 'm_vMousePos'
     1>c:\users\administrator\documents\github\engine\source\core\input\Input.h(228): error C4430: missing type specifier - int assumed. Note: C++ does not support default-int
     1>c:\users\administrator\documents\github\engine\source\core\input\Input.h(231): error C2061: syntax error : identifier 'Vec2i'
     1>c:\users\administrator\documents\github\engine\source\core\input\Input.h(231): error C2065: 'vCurrMousePos' : undeclared identifier
     1>c:\users\administrator\documents\github\engine\source\core\input\Input.h(231): error C2614: 'InputMouseButtonEvent' : illegal member initialization: 'm_vMousePos' is not a base or member
     1>c:\users\administrator\documents\github\engine\source\core\input\Input.h(244): error C2146: syntax error : missing ';' before identifier 'm_vMousePos'
     1>c:\users\administrator\documents\github\engine\source\core\input\Input.h(244): error C4430: missing type specifier - int assumed. Note: C++ does not support default-int
     1>c:\users\administrator\documents\github\engine\source\core\input\Input.h(248): error C2061: syntax error : identifier 'Vec2i'
     1>c:\users\administrator\documents\github\engine\source\core\input\Input.h(248): error C2535: 'InputMouseMoveEvent::InputMouseMoveEvent(void)' : member function already defined or declared
                 c:\users\administrator\documents\github\engine\source\core\input\Input.h(247) : see declaration of 'InputMouseMoveEvent::InputMouseMoveEvent'
     1>c:\users\administrator\documents\github\engine\source\core\input\Input.h(248): error C2065: 'vCurrMousePos' : undeclared identifier
     1>c:\users\administrator\documents\github\engine\source\core\input\Input.h(248): error C2065: 'vCurrMouseMovement' : undeclared identifier
     1>c:\users\administrator\documents\github\engine\source\core\input\Input.h(248): error C2614: 'InputMouseMoveEvent' : illegal member initialization: 'm_vMousePos' is not a base or member
     1>c:\users\administrator\documents\github\engine\source\core\input\InputManager.h(88): error C2146: syntax error : missing ';' before identifier 'GetMousePosition'
     1>c:\users\administrator\documents\github\engine\source\core\input\InputManager.h(88): error C4430: missing type specifier - int assumed. Note: C++ does not support default-int
     1>c:\users\administrator\documents\github\engine\source\core\input\InputManager.h(88): warning C4183: 'GetMousePosition': missing return type; assumed to be a member function returning 'int'
     1>..\Source\Core\Input\InputManager.cpp(399): error C2039: 'm_vMousePos' : is not a member of 'InputMouseMoveEvent'
                 c:\users\administrator\documents\github\engine\source\core\input\Input.h(242) : see declaration of 'InputMouseMoveEvent'
     1>..\Source\Core\Input\InputManager.cpp(508): error C2039: 'm_vMousePos' : is not a member of 'InputMouseButtonEvent'
                 c:\users\administrator\documents\github\engine\source\core\input\Input.h(226) : see declaration of 'InputMouseButtonEvent'
     1>..\Source\Core\Input\InputManager.cpp(543): error C2143: syntax error : missing ';' before 'InputManager::GetMousePosition'
     1>..\Source\Core\Input\InputManager.cpp(543): error C4430: missing type specifier - int assumed. Note: C++ does not support default-int
     1>..\Source\Core\Input\InputManager.cpp(544): error C4430: missing type specifier - int assumed. Note: C++ does not support default-int
     1>..\Source\Core\Input\InputManager.cpp(547): error C2064: term does not evaluate to a function taking 2 arguments
         Generating Code...
     1>Done Building Project "C:\Users\Administrator\Documents\GitHub\Engine\Input Manager\Input Manager.vcxproj" (Build target(s)) -- FAILED.

Build FAILED.

Time Elapsed 00:00:06.14
